<?xml version="1.0" encoding="UTF-8"?>
<!-- Generated by org.testng.reporters.JUnitReportReporter -->
<testsuite hostname="DESKTOP-HPR4ORJ" failures="0" tests="1" name="cucumberOptions.TestNGTestRunner" time="411.924" errors="0" timestamp="2025-05-13T13:08:55 IST" skipped="0">
  <testcase classname="cucumberOptions.TestNGTestRunner" name="runScenario" time="411.924"/>
</testsuite> <!-- cucumberOptions.TestNGTestRunner -->
